<?xml version="1.0" encoding="UTF-8"?>
<!-- Generated by org.testng.reporters.JUnitReportReporter -->
<testsuite hostname="DESKTOP-GARLJAI" failures="0" tests="3" name="Maven_Testng.Maven_Testng.TestCase3" time="2.534" errors="0" timestamp="2024-06-11T21:18:02 PDT" skipped="1">
  <testcase classname="Maven_Testng.Maven_Testng.TestCase3" name="TestCases3" time="1.264"/>
  <system-out/>
  <testcase classname="Maven_Testng.Maven_Testng.TestCase3" name="TestCases1" time="1.270"/>
  <system-out/>
  <testcase classname="Maven_Testng.Maven_Testng.TestCase3" name="TestCases2">
    <skipped/>
  </testcase> <!-- TestCases2 -->
  <system-out/>
</testsuite> <!-- Maven_Testng.Maven_Testng.TestCase3 -->
