<?xml version="1.0" encoding="UTF-8"?>
<!-- Generated by org.testng.reporters.JUnitReportReporter -->
<testsuite hostname="DESKTOP-GARLJAI" failures="0" tests="1" name="Reporters.Reportexamples" time="62.578" errors="0" timestamp="2024-06-19T20:58:46 PDT" skipped="0">
  <testcase classname="Reporters.Reportexamples" name="reporters" time="62.578"/>
  <system-out>
    <![CDATA[Setting up the brower and managing the exe file
Launching Browser 

current page title is : Google]]>
  </system-out>
</testsuite> <!-- Reporters.Reportexamples -->
