<?xml version="1.0" encoding="UTF-8"?>
<!-- Generated by org.testng.reporters.JUnitReportReporter -->
<testsuite hostname="DESKTOP-GARLJAI" failures="0" tests="2" name="Annotations.TestDemo" time="0.017" errors="0" timestamp="2024-05-14T09:54:09 PDT" skipped="0">
  <testcase classname="Annotations.TestDemo" name="newtest2" time="0.005"/>
  <system-out/>
  <testcase classname="Annotations.TestDemo" name="newtest1" time="0.012"/>
  <system-out/>
</testsuite> <!-- Annotations.TestDemo -->
