<?xml version="1.0" encoding="UTF-8"?>
<!-- Generated by org.testng.reporters.JUnitReportReporter -->
<testsuite hostname="DESKTOP-GARLJAI" failures="0" tests="2" name="AssertionExample.AssertionDemo" time="23.364" errors="0" timestamp="2024-06-14T20:40:14 PDT" skipped="0">
  <testcase classname="AssertionExample.AssertionDemo" name="assertiobnTest2" time="13.192"/>
  <system-out/>
  <testcase classname="AssertionExample.AssertionDemo" name="assertiobnTest" time="10.172"/>
  <system-out/>
</testsuite> <!-- AssertionExample.AssertionDemo -->
