<?xml version="1.0" encoding="UTF-8"?>
<!-- Generated by org.testng.reporters.JUnitReportReporter -->
<testsuite hostname="DESKTOP-GARLJAI" failures="0" tests="3" name="Maven_Testng.Maven_Testng.TestCases1" time="5.090" errors="0" timestamp="2024-06-14T12:49:17 PDT" skipped="0">
  <testcase classname="Maven_Testng.Maven_Testng.TestCases1" name="TestCases2" time="1.245"/>
  <system-out/>
  <testcase classname="Maven_Testng.Maven_Testng.TestCases1" name="TestCases3" time="1.408"/>
  <system-out/>
  <testcase classname="Maven_Testng.Maven_Testng.TestCases1" name="TestCases1" time="2.437"/>
  <system-out/>
</testsuite> <!-- Maven_Testng.Maven_Testng.TestCases1 -->
