<?xml version="1.0" encoding="UTF-8"?>
<!-- Generated by org.testng.reporters.JUnitReportReporter -->
<testsuite hostname="DESKTOP-GARLJAI" failures="0" tests="2" name="DataProviderDemo.DataProviderExamples" time="0.018" errors="0" timestamp="2024-06-20T21:32:12 PDT" skipped="0">
  <testcase classname="DataProviderDemo.DataProviderExamples" name="testcaseDemo" time="0.011"/>
  <system-out/>
  <testcase classname="DataProviderDemo.DataProviderExamples" name="testcaseDemo" time="0.007"/>
  <system-out/>
</testsuite> <!-- DataProviderDemo.DataProviderExamples -->
