<?xml version="1.0" encoding="UTF-8"?>
<!-- Generated by org.testng.reporters.JUnitReportReporter -->
<testsuite hostname="DESKTOP-GARLJAI" failures="0" tests="3" name="ParallelTest.ParallelDemo" time="0.025" errors="0" timestamp="2024-06-14T13:54:02 PDT" skipped="0">
  <testcase classname="ParallelTest.ParallelDemo" name="test3" time="0.003"/>
  <system-out/>
  <testcase classname="ParallelTest.ParallelDemo" name="test1" time="0.011"/>
  <system-out/>
  <testcase classname="ParallelTest.ParallelDemo" name="test2" time="0.011"/>
  <system-out/>
</testsuite> <!-- ParallelTest.ParallelDemo -->
