<?xml version="1.0" encoding="UTF-8"?>
<!-- Generated by org.testng.reporters.JUnitReportReporter -->
<testsuite hostname="DESKTOP-GARLJAI" failures="0" tests="2" name="Maven_Testng.Maven_Testng.NewTest" time="0.016" errors="0" timestamp="2024-05-14T09:45:00 PDT" skipped="0">
  <testcase classname="Maven_Testng.Maven_Testng.NewTest" name="g" time="0.006"/>
  <system-out/>
  <testcase classname="Maven_Testng.Maven_Testng.NewTest" name="f" time="0.010"/>
  <system-out/>
</testsuite> <!-- Maven_Testng.Maven_Testng.NewTest -->
